# JRE version: OpenJDK Runtime Environment (19.0.1+10) (build 19.0.1+10-21)
# Java VM: OpenJDK 64-Bit Server VM (19.0.1+10-21, mixed mode, sharing, tiered, compressed oops, compressed class ptrs, g1 gc, windows-amd64)
GC Precious Log:
 CardTable entry size: 512
 Card Set container configuration: InlinePtr #cards 4 size 8 Array Of Cards #cards 16 size 48 Howl #buckets 8 coarsen threshold 3686 Howl Bitmap #cards 512 size 80 coarsen threshold 460 Card regions per heap region 1 cards per card region 4096
 CPUs: 12 total, 12 available
 Memory: 16191M
 Large Page Support: Disabled
 NUMA Support: Disabled
 Compressed Oops: Enabled (Zero based)
 Heap Region Size: 2M
 Heap Min Capacity: 8M
 Heap Initial Capacity: 254M
 Heap Max Capacity: 4048M
 Pre-touch: Disabled
 Parallel Workers: 10
 Concurrent Workers: 3
 Concurrent Refinement Workers: 10
 Periodic GC: Disabled
Heap:
 garbage-first heap   total 231424K, used 129931K [0x0000000703000000, 0x0000000800000000)
  region size 2048K, 10 young (20480K), 1 survivors (2048K)
 Metaspace       used 29039K, committed 29440K, reserved 1114112K
  class space    used 3518K, committed 3712K, reserved 1048576K
GC Heap History (20 events):
Event: 13.871 GC heap before
{Heap before GC invocations=8 (full 0):
 garbage-first heap   total 83968K, used 59973K [0x0000000703000000, 0x0000000800000000)
  region size 2048K, 2 young (4096K), 1 survivors (2048K)
 Metaspace       used 24810K, committed 25152K, reserved 1114112K
  class space    used 3157K, committed 3328K, reserved 1048576K
}
Event: 13.876 GC heap after
{Heap after GC invocations=9 (full 0):
 garbage-first heap   total 83968K, used 57995K [0x0000000703000000, 0x0000000800000000)
  region size 2048K, 1 young (2048K), 1 survivors (2048K)
 Metaspace       used 24810K, committed 25152K, reserved 1114112K
  class space    used 3157K, committed 3328K, reserved 1048576K
}
Event: 13.994 GC heap before
{Heap before GC invocations=9 (full 0):
 garbage-first heap   total 83968K, used 60043K [0x0000000703000000, 0x0000000800000000)
  region size 2048K, 3 young (6144K), 1 survivors (2048K)
 Metaspace       used 25204K, committed 25600K, reserved 1114112K
  class space    used 3216K, committed 3392K, reserved 1048576K
}
Event: 13.997 GC heap after
{Heap after GC invocations=10 (full 0):
 garbage-first heap   total 122880K, used 58842K [0x0000000703000000, 0x0000000800000000)
  region size 2048K, 1 young (2048K), 1 survivors (2048K)
 Metaspace       used 25204K, committed 25600K, reserved 1114112K
  class space    used 3216K, committed 3392K, reserved 1048576K
}
Event: 70.312 GC heap before
{Heap before GC invocations=11 (full 0):
 garbage-first heap   total 133120K, used 132570K [0x0000000703000000, 0x0000000800000000)
  region size 2048K, 11 young (22528K), 1 survivors (2048K)
 Metaspace       used 27627K, committed 28096K, reserved 1114112K
  class space    used 3484K, committed 3712K, reserved 1048576K
}
Event: 70.317 GC heap after
{Heap after GC invocations=12 (full 0):
 garbage-first heap   total 137216K, used 89882K [0x0000000703000000, 0x0000000800000000)
  region size 2048K, 2 young (4096K), 2 survivors (4096K)
 Metaspace       used 27627K, committed 28096K, reserved 1114112K
  class space    used 3484K, committed 3712K, reserved 1048576K
}
Event: 70.411 GC heap before
{Heap before GC invocations=12 (full 0):
 garbage-first heap   total 137216K, used 110362K [0x0000000703000000, 0x0000000800000000)
  region size 2048K, 3 young (6144K), 2 survivors (4096K)
 Metaspace       used 27701K, committed 28096K, reserved 1114112K
  class space    used 3485K, committed 3712K, reserved 1048576K
}
Event: 70.415 GC heap after
{Heap after GC invocations=13 (full 0):
 garbage-first heap   total 137216K, used 98222K [0x0000000703000000, 0x0000000800000000)
  region size 2048K, 1 young (2048K), 1 survivors (2048K)
 Metaspace       used 27701K, committed 28096K, reserved 1114112K
  class space    used 3485K, committed 3712K, reserved 1048576K
}
Event: 76.350 GC heap before
{Heap before GC invocations=13 (full 0):
 garbage-first heap   total 137216K, used 102318K [0x0000000703000000, 0x0000000800000000)
  region size 2048K, 4 young (8192K), 1 survivors (2048K)
 Metaspace       used 27791K, committed 28224K, reserved 1114112K
  class space    used 3487K, committed 3712K, reserved 1048576K
}
Event: 76.352 GC heap after
{Heap after GC invocations=14 (full 0):
 garbage-first heap   total 137216K, used 98798K [0x0000000703000000, 0x0000000800000000)
  region size 2048K, 1 young (2048K), 1 survivors (2048K)
 Metaspace       used 27791K, committed 28224K, reserved 1114112K
  class space    used 3487K, committed 3712K, reserved 1048576K
}
Event: 79.508 GC heap before
{Heap before GC invocations=15 (full 0):
 garbage-first heap   total 178176K, used 102894K [0x0000000703000000, 0x0000000800000000)
  region size 2048K, 2 young (4096K), 1 survivors (2048K)
 Metaspace       used 27853K, committed 28288K, reserved 1114112K
  class space    used 3487K, committed 3712K, reserved 1048576K
}
Event: 79.510 GC heap after
{Heap after GC invocations=16 (full 0):
 garbage-first heap   total 178176K, used 100919K [0x0000000703000000, 0x0000000800000000)
  region size 2048K, 1 young (2048K), 1 survivors (2048K)
 Metaspace       used 27853K, committed 28288K, reserved 1114112K
  class space    used 3487K, committed 3712K, reserved 1048576K
}
Event: 79.536 GC heap before
{Heap before GC invocations=17 (full 0):
 garbage-first heap   total 184320K, used 105015K [0x0000000703000000, 0x0000000800000000)
  region size 2048K, 2 young (4096K), 1 survivors (2048K)
 Metaspace       used 27853K, committed 28288K, reserved 1114112K
  class space    used 3487K, committed 3712K, reserved 1048576K
}
Event: 79.537 GC heap after
{Heap after GC invocations=18 (full 0):
 garbage-first heap   total 184320K, used 102865K [0x0000000703000000, 0x0000000800000000)
  region size 2048K, 1 young (2048K), 1 survivors (2048K)
 Metaspace       used 27853K, committed 28288K, reserved 1114112K
  class space    used 3487K, committed 3712K, reserved 1048576K
}
Event: 104.734 GC heap before
{Heap before GC invocations=19 (full 0):
 garbage-first heap   total 184320K, used 180689K [0x0000000703000000, 0x0000000800000000)
  region size 2048K, 9 young (18432K), 1 survivors (2048K)
 Metaspace       used 28267K, committed 28672K, reserved 1114112K
  class space    used 3493K, committed 3712K, reserved 1048576K
}
Event: 104.735 GC heap after
{Heap after GC invocations=20 (full 0):
 garbage-first heap   total 231424K, used 76646K [0x0000000703000000, 0x0000000800000000)
  region size 2048K, 1 young (2048K), 1 survivors (2048K)
 Metaspace       used 28267K, committed 28672K, reserved 1114112K
  class space    used 3493K, committed 3712K, reserved 1048576K
}
Event: 107.139 GC heap before
{Heap before GC invocations=20 (full 0):
 garbage-first heap   total 231424K, used 150374K [0x0000000703000000, 0x0000000800000000)
  region size 2048K, 5 young (10240K), 1 survivors (2048K)
 Metaspace       used 28434K, committed 28864K, reserved 1114112K
  class space    used 3493K, committed 3712K, reserved 1048576K
}
Event: 107.142 GC heap after
{Heap after GC invocations=21 (full 0):
 garbage-first heap   total 231424K, used 101163K [0x0000000703000000, 0x0000000800000000)
  region size 2048K, 1 young (2048K), 1 survivors (2048K)
 Metaspace       used 28434K, committed 28864K, reserved 1114112K
  class space    used 3493K, committed 3712K, reserved 1048576K
}
Event: 132.107 GC heap before
{Heap before GC invocations=21 (full 0):
 garbage-first heap   total 231424K, used 107307K [0x0000000703000000, 0x0000000800000000)
  region size 2048K, 5 young (10240K), 1 survivors (2048K)
 Metaspace       used 28571K, committed 29056K, reserved 1114112K
  class space    used 3493K, committed 3712K, reserved 1048576K
}
Event: 132.109 GC heap after
{Heap after GC invocations=22 (full 0):
 garbage-first heap   total 231424K, used 101259K [0x0000000703000000, 0x0000000800000000)
  region size 2048K, 1 young (2048K), 1 survivors (2048K)
 Metaspace       used 28571K, committed 29056K, reserved 1114112K
  class space    used 3493K, committed 3712K, reserved 1048576K
}

